[debug] [2025-09-13T13:24:08.301Z] ----------------------------------------------------------------------
[debug] [2025-09-13T13:24:08.305Z] Command:       C:\Program Files\nodejs\node.exe C:\Users\kralf\AppData\Roaming\npm\node_modules\firebase-tools\lib\bin\firebase.js init
[debug] [2025-09-13T13:24:08.306Z] CLI Version:   14.16.0
[debug] [2025-09-13T13:24:08.306Z] Platform:      win32
[debug] [2025-09-13T13:24:08.306Z] Node Version:  v22.17.1
[debug] [2025-09-13T13:24:08.306Z] Time:          Sat Sep 13 2025 15:24:08 GMT+0200 (közép-európai nyári idő)
[debug] [2025-09-13T13:24:08.307Z] ----------------------------------------------------------------------
[debug] 
[debug] [2025-09-13T13:24:08.309Z] >>> [apiv2][query] GET https://firebase-public.firebaseio.com/cli.json [none]
[debug] [2025-09-13T13:24:08.356Z] > command requires scopes: ["email","openid","https://www.googleapis.com/auth/cloudplatformprojects.readonly","https://www.googleapis.com/auth/firebase","https://www.googleapis.com/auth/cloud-platform"]
[debug] [2025-09-13T13:24:08.357Z] > authorizing via signed-in user (kralfrida@gmail.com)
[info] 
     ######## #### ########  ######## ########     ###     ######  ########
     ##        ##  ##     ## ##       ##     ##  ##   ##  ##       ##
     ######    ##  ########  ######   ########  #########  ######  ######
     ##        ##  ##    ##  ##       ##     ## ##     ##       ## ##
     ##       #### ##     ## ######## ########  ##     ##  ######  ########

You're about to initialize a Firebase project in this directory:

  C:\Users\kralf\frida\hobbi_fejlesztesek\kaloz

[debug] [2025-09-13T13:24:08.836Z] <<< [apiv2][status] GET https://firebase-public.firebaseio.com/cli.json 200
[debug] [2025-09-13T13:24:08.836Z] <<< [apiv2][body] GET https://firebase-public.firebaseio.com/cli.json {"cloudBuildErrorAfter":1594252800000,"cloudBuildWarnAfter":1590019200000,"defaultNode10After":1594252800000,"minVersion":"3.0.5","node8DeploysDisabledAfter":1613390400000,"node8RuntimeDisabledAfter":1615809600000,"node8WarnAfter":1600128000000}
[info] 
=== Project Setup
[info] 
[info] First, let's associate this project directory with a Firebase project.
[info] You can create multiple project aliases by running firebase use --add, 
[info] but for now we'll just set up a default project.
[info] 
[debug] [2025-09-13T13:25:42.194Z] Checked if tokens are valid: false, expires at: 1727611553091
[debug] [2025-09-13T13:25:42.194Z] Checked if tokens are valid: false, expires at: 1727611553091
[debug] [2025-09-13T13:25:42.195Z] > refreshing access token with scopes: []
[debug] [2025-09-13T13:25:42.197Z] >>> [apiv2][query] POST https://www.googleapis.com/oauth2/v3/token [none]
[debug] [2025-09-13T13:25:42.197Z] >>> [apiv2][body] POST https://www.googleapis.com/oauth2/v3/token [omitted]
[debug] [2025-09-13T13:25:42.460Z] <<< [apiv2][status] POST https://www.googleapis.com/oauth2/v3/token 400
[debug] [2025-09-13T13:25:42.460Z] <<< [apiv2][body] POST https://www.googleapis.com/oauth2/v3/token [omitted]
[debug] [2025-09-13T13:25:42.461Z] >>> [apiv2][query] GET https://firebase.googleapis.com/v1beta1/projects pageSize=100
[debug] [2025-09-13T13:25:42.711Z] <<< [apiv2][status] GET https://firebase.googleapis.com/v1beta1/projects 401
[debug] [2025-09-13T13:25:42.711Z] <<< [apiv2][body] GET https://firebase.googleapis.com/v1beta1/projects [omitted]
[debug] [2025-09-13T13:25:42.711Z] Got a 401 Unauthenticated error for a call that required authentication. Refreshing tokens.
[debug] [2025-09-13T13:25:42.711Z] Checked if tokens are valid: false, expires at: 1727611553091
[debug] [2025-09-13T13:25:42.711Z] Checked if tokens are valid: false, expires at: 1727611553091
[debug] [2025-09-13T13:25:42.711Z] > refreshing access token with scopes: []
[debug] [2025-09-13T13:25:42.712Z] >>> [apiv2][query] POST https://www.googleapis.com/oauth2/v3/token [none]
[debug] [2025-09-13T13:25:42.712Z] >>> [apiv2][body] POST https://www.googleapis.com/oauth2/v3/token [omitted]
[debug] [2025-09-13T13:25:42.804Z] <<< [apiv2][status] POST https://www.googleapis.com/oauth2/v3/token 400
[debug] [2025-09-13T13:25:42.805Z] <<< [apiv2][body] POST https://www.googleapis.com/oauth2/v3/token [omitted]
[debug] [2025-09-13T13:25:42.805Z] Request to https://firebase.googleapis.com/v1beta1/projects?pageSize=100 had HTTP Error: 401, Request had invalid authentication credentials. Expected OAuth 2 access token, login cookie or other valid authentication credential. See https://developers.google.com/identity/sign-in/web/devconsole-project.
[debug] [2025-09-13T13:25:43.032Z] FirebaseError: Request to https://firebase.googleapis.com/v1beta1/projects?pageSize=100 had HTTP Error: 401, Request had invalid authentication credentials. Expected OAuth 2 access token, login cookie or other valid authentication credential. See https://developers.google.com/identity/sign-in/web/devconsole-project.
    at responseToError (C:\Users\kralf\AppData\Roaming\npm\node_modules\firebase-tools\lib\responseToError.js:52:12)
    at RetryOperation._fn (C:\Users\kralf\AppData\Roaming\npm\node_modules\firebase-tools\lib\apiv2.js:312:77)
    at process.processTicksAndRejections (node:internal/process/task_queues:105:5)
[error] 
[error] Error: Failed to list Firebase projects. See firebase-debug.log for more info.
[debug] [2025-09-13T13:26:15.852Z] ----------------------------------------------------------------------
[debug] [2025-09-13T13:26:15.855Z] Command:       C:\Program Files\nodejs\node.exe C:\Users\kralf\AppData\Roaming\npm\node_modules\firebase-tools\lib\bin\firebase.js init
[debug] [2025-09-13T13:26:15.855Z] CLI Version:   14.16.0
[debug] [2025-09-13T13:26:15.855Z] Platform:      win32
[debug] [2025-09-13T13:26:15.856Z] Node Version:  v22.17.1
[debug] [2025-09-13T13:26:15.856Z] Time:          Sat Sep 13 2025 15:26:15 GMT+0200 (közép-európai nyári idő)
[debug] [2025-09-13T13:26:15.856Z] ----------------------------------------------------------------------
[debug] 
[debug] [2025-09-13T13:26:15.862Z] > command requires scopes: ["email","openid","https://www.googleapis.com/auth/cloudplatformprojects.readonly","https://www.googleapis.com/auth/firebase","https://www.googleapis.com/auth/cloud-platform"]
[debug] [2025-09-13T13:26:15.863Z] > authorizing via signed-in user (kralfrida@gmail.com)
[info] 
     ######## #### ########  ######## ########     ###     ######  ########
     ##        ##  ##     ## ##       ##     ##  ##   ##  ##       ##
     ######    ##  ########  ######   ########  #########  ######  ######
     ##        ##  ##    ##  ##       ##     ## ##     ##       ## ##
     ##       #### ##     ## ######## ########  ##     ##  ######  ########

You're about to initialize a Firebase project in this directory:

  C:\Users\kralf\frida\hobbi_fejlesztesek\kaloz

[info] 
=== Project Setup
[info] 
[info] First, let's associate this project directory with a Firebase project.
[info] You can create multiple project aliases by running firebase use --add, 
[info] but for now we'll just set up a default project.
[info] 
[debug] [2025-09-13T13:26:26.564Z] Checked if tokens are valid: false, expires at: 1727611553091
[debug] [2025-09-13T13:26:26.565Z] Checked if tokens are valid: false, expires at: 1727611553091
[debug] [2025-09-13T13:26:26.565Z] > refreshing access token with scopes: []
[debug] [2025-09-13T13:26:26.567Z] >>> [apiv2][query] POST https://www.googleapis.com/oauth2/v3/token [none]
[debug] [2025-09-13T13:26:26.567Z] >>> [apiv2][body] POST https://www.googleapis.com/oauth2/v3/token [omitted]
[debug] [2025-09-13T13:26:26.819Z] <<< [apiv2][status] POST https://www.googleapis.com/oauth2/v3/token 400
[debug] [2025-09-13T13:26:26.819Z] <<< [apiv2][body] POST https://www.googleapis.com/oauth2/v3/token [omitted]
[debug] [2025-09-13T13:26:26.819Z] >>> [apiv2][query] GET https://firebase.googleapis.com/v1beta1/projects pageSize=100
[debug] [2025-09-13T13:26:26.999Z] <<< [apiv2][status] GET https://firebase.googleapis.com/v1beta1/projects 401
[debug] [2025-09-13T13:26:26.999Z] <<< [apiv2][body] GET https://firebase.googleapis.com/v1beta1/projects [omitted]
[debug] [2025-09-13T13:26:26.999Z] Got a 401 Unauthenticated error for a call that required authentication. Refreshing tokens.
[debug] [2025-09-13T13:26:26.999Z] Checked if tokens are valid: false, expires at: 1727611553091
[debug] [2025-09-13T13:26:26.999Z] Checked if tokens are valid: false, expires at: 1727611553091
[debug] [2025-09-13T13:26:26.999Z] > refreshing access token with scopes: []
[debug] [2025-09-13T13:26:27.000Z] >>> [apiv2][query] POST https://www.googleapis.com/oauth2/v3/token [none]
[debug] [2025-09-13T13:26:27.000Z] >>> [apiv2][body] POST https://www.googleapis.com/oauth2/v3/token [omitted]
[debug] [2025-09-13T13:26:27.078Z] <<< [apiv2][status] POST https://www.googleapis.com/oauth2/v3/token 400
[debug] [2025-09-13T13:26:27.079Z] <<< [apiv2][body] POST https://www.googleapis.com/oauth2/v3/token [omitted]
[debug] [2025-09-13T13:26:27.079Z] Request to https://firebase.googleapis.com/v1beta1/projects?pageSize=100 had HTTP Error: 401, Request had invalid authentication credentials. Expected OAuth 2 access token, login cookie or other valid authentication credential. See https://developers.google.com/identity/sign-in/web/devconsole-project.
[debug] [2025-09-13T13:26:27.244Z] FirebaseError: Request to https://firebase.googleapis.com/v1beta1/projects?pageSize=100 had HTTP Error: 401, Request had invalid authentication credentials. Expected OAuth 2 access token, login cookie or other valid authentication credential. See https://developers.google.com/identity/sign-in/web/devconsole-project.
    at responseToError (C:\Users\kralf\AppData\Roaming\npm\node_modules\firebase-tools\lib\responseToError.js:52:12)
    at RetryOperation._fn (C:\Users\kralf\AppData\Roaming\npm\node_modules\firebase-tools\lib\apiv2.js:312:77)
    at process.processTicksAndRejections (node:internal/process/task_queues:105:5)
[error] 
[error] Error: Failed to list Firebase projects. See firebase-debug.log for more info.
